# JRE version: OpenJDK Runtime Environment Temurin-17.0.2+8 (17.0.2+8) (build 17.0.2+8)
# Java VM: OpenJDK 64-Bit Server VM Temurin-17.0.2+8 (17.0.2+8, mixed mode, tiered, compressed oops, compressed class ptrs, g1 gc, windows-amd64)
GC Precious Log:
 CPUs: 12 total, 12 available
 Memory: 7524M
 Large Page Support: Disabled
 NUMA Support: Disabled
 Compressed Oops: Enabled (32-bit)
 Heap Region Size: 1M
 Heap Min Capacity: 8M
 Heap Initial Capacity: 118M
 Heap Max Capacity: 1882M
 Pre-touch: Disabled
 Parallel Workers: 10
 Concurrent Workers: 3
 Concurrent Refinement Workers: 10
 Periodic GC: Disabled
Heap:
 garbage-first heap   total 74752K, used 45079K [0x000000008a600000, 0x0000000100000000)
  region size 1024K, 24 young (24576K), 2 survivors (2048K)
 Metaspace       used 44358K, committed 44672K, reserved 1089536K
  class space    used 5214K, committed 5376K, reserved 1048576K
GC Heap History (20 events):
Event: 1.550 GC heap before
{Heap before GC invocations=1 (full 0):
 garbage-first heap   total 120832K, used 32523K [0x000000008a600000, 0x0000000100000000)
  region size 1024K, 28 young (28672K), 3 survivors (3072K)
 Metaspace       used 20041K, committed 20224K, reserved 1073152K
  class space    used 2042K, committed 2112K, reserved 1048576K
}
Event: 1.555 GC heap after
{Heap after GC invocations=2 (full 0):
 garbage-first heap   total 120832K, used 10683K [0x000000008a600000, 0x0000000100000000)
  region size 1024K, 4 young (4096K), 4 survivors (4096K)
 Metaspace       used 20041K, committed 20224K, reserved 1073152K
  class space    used 2042K, committed 2112K, reserved 1048576K
}
Event: 1.721 GC heap before
{Heap before GC invocations=2 (full 0):
 garbage-first heap   total 120832K, used 18875K [0x000000008a600000, 0x0000000100000000)
  region size 1024K, 13 young (13312K), 4 survivors (4096K)
 Metaspace       used 21353K, committed 21504K, reserved 1073152K
  class space    used 2212K, committed 2304K, reserved 1048576K
}
Event: 1.724 GC heap after
{Heap after GC invocations=3 (full 0):
 garbage-first heap   total 120832K, used 12188K [0x000000008a600000, 0x0000000100000000)
  region size 1024K, 5 young (5120K), 5 survivors (5120K)
 Metaspace       used 21353K, committed 21504K, reserved 1073152K
  class space    used 2212K, committed 2304K, reserved 1048576K
}
Event: 13.786 GC heap before
{Heap before GC invocations=4 (full 0):
 garbage-first heap   total 48128K, used 33692K [0x000000008a600000, 0x0000000100000000)
  region size 1024K, 28 young (28672K), 5 survivors (5120K)
 Metaspace       used 29508K, committed 29760K, reserved 1081344K
  class space    used 3279K, committed 3392K, reserved 1048576K
}
Event: 13.790 GC heap after
{Heap after GC invocations=5 (full 0):
 garbage-first heap   total 48128K, used 13941K [0x000000008a600000, 0x0000000100000000)
  region size 1024K, 4 young (4096K), 4 survivors (4096K)
 Metaspace       used 29508K, committed 29760K, reserved 1081344K
  class space    used 3279K, committed 3392K, reserved 1048576K
}
Event: 13.839 GC heap before
{Heap before GC invocations=5 (full 0):
 garbage-first heap   total 48128K, used 13941K [0x000000008a600000, 0x0000000100000000)
  region size 1024K, 5 young (5120K), 4 survivors (4096K)
 Metaspace       used 29698K, committed 29952K, reserved 1081344K
  class space    used 3292K, committed 3392K, reserved 1048576K
}
Event: 13.842 GC heap after
{Heap after GC invocations=6 (full 0):
 garbage-first heap   total 48128K, used 14700K [0x000000008a600000, 0x0000000100000000)
  region size 1024K, 1 young (1024K), 1 survivors (1024K)
 Metaspace       used 29698K, committed 29952K, reserved 1081344K
  class space    used 3292K, committed 3392K, reserved 1048576K
}
Event: 16.568 GC heap before
{Heap before GC invocations=6 (full 0):
 garbage-first heap   total 48128K, used 31084K [0x000000008a600000, 0x0000000100000000)
  region size 1024K, 18 young (18432K), 1 survivors (1024K)
 Metaspace       used 34254K, committed 34496K, reserved 1081344K
  class space    used 3918K, committed 4032K, reserved 1048576K
}
Event: 16.571 GC heap after
{Heap after GC invocations=7 (full 0):
 garbage-first heap   total 48128K, used 15344K [0x000000008a600000, 0x0000000100000000)
  region size 1024K, 2 young (2048K), 2 survivors (2048K)
 Metaspace       used 34254K, committed 34496K, reserved 1081344K
  class space    used 3918K, committed 4032K, reserved 1048576K
}
Event: 17.586 GC heap before
{Heap before GC invocations=7 (full 0):
 garbage-first heap   total 48128K, used 25584K [0x000000008a600000, 0x0000000100000000)
  region size 1024K, 8 young (8192K), 2 survivors (2048K)
 Metaspace       used 35727K, committed 35968K, reserved 1081344K
  class space    used 4149K, committed 4288K, reserved 1048576K
}
Event: 17.588 GC heap after
{Heap after GC invocations=8 (full 0):
 garbage-first heap   total 48128K, used 20798K [0x000000008a600000, 0x0000000100000000)
  region size 1024K, 2 young (2048K), 2 survivors (2048K)
 Metaspace       used 35727K, committed 35968K, reserved 1081344K
  class space    used 4149K, committed 4288K, reserved 1048576K
}
Event: 32.024 GC heap before
{Heap before GC invocations=9 (full 0):
 garbage-first heap   total 48128K, used 36158K [0x000000008a600000, 0x0000000100000000)
  region size 1024K, 17 young (17408K), 2 survivors (2048K)
 Metaspace       used 39604K, committed 39872K, reserved 1089536K
  class space    used 4600K, committed 4736K, reserved 1048576K
}
Event: 32.027 GC heap after
{Heap after GC invocations=10 (full 0):
 garbage-first heap   total 48128K, used 22174K [0x000000008a600000, 0x0000000100000000)
  region size 1024K, 3 young (3072K), 3 survivors (3072K)
 Metaspace       used 39604K, committed 39872K, reserved 1089536K
  class space    used 4600K, committed 4736K, reserved 1048576K
}
Event: 32.190 GC heap before
{Heap before GC invocations=10 (full 0):
 garbage-first heap   total 48128K, used 36510K [0x000000008a600000, 0x0000000100000000)
  region size 1024K, 17 young (17408K), 3 survivors (3072K)
 Metaspace       used 41507K, committed 41728K, reserved 1089536K
  class space    used 4836K, committed 4928K, reserved 1048576K
}
Event: 32.193 GC heap after
{Heap after GC invocations=11 (full 0):
 garbage-first heap   total 48128K, used 22776K [0x000000008a600000, 0x0000000100000000)
  region size 1024K, 2 young (2048K), 2 survivors (2048K)
 Metaspace       used 41507K, committed 41728K, reserved 1089536K
  class space    used 4836K, committed 4928K, reserved 1048576K
}
Event: 32.207 GC heap before
{Heap before GC invocations=11 (full 0):
 garbage-first heap   total 48128K, used 37112K [0x000000008a600000, 0x0000000100000000)
  region size 1024K, 16 young (16384K), 2 survivors (2048K)
 Metaspace       used 41507K, committed 41728K, reserved 1089536K
  class space    used 4836K, committed 4928K, reserved 1048576K
}
Event: 32.209 GC heap after
{Heap after GC invocations=12 (full 0):
 garbage-first heap   total 48128K, used 23217K [0x000000008a600000, 0x0000000100000000)
  region size 1024K, 2 young (2048K), 2 survivors (2048K)
 Metaspace       used 41507K, committed 41728K, reserved 1089536K
  class space    used 4836K, committed 4928K, reserved 1048576K
}
Event: 32.221 GC heap before
{Heap before GC invocations=12 (full 0):
 garbage-first heap   total 48128K, used 37553K [0x000000008a600000, 0x0000000100000000)
  region size 1024K, 16 young (16384K), 2 survivors (2048K)
 Metaspace       used 41507K, committed 41728K, reserved 1089536K
  class space    used 4836K, committed 4928K, reserved 1048576K
}
Event: 32.223 GC heap after
{Heap after GC invocations=13 (full 0):
 garbage-first heap   total 74752K, used 23575K [0x000000008a600000, 0x0000000100000000)
  region size 1024K, 2 young (2048K), 2 survivors (2048K)
 Metaspace       used 41507K, committed 41728K, reserved 1089536K
  class space    used 4836K, committed 4928K, reserved 1048576K
}

