<?xml version="1.0" encoding="UTF-8"?>
<!-- Generated by org.testng.reporters.JUnitXMLReporter -->
<testsuite ignored="2" hostname="hp" failures="0" tests="2" name="QA" time="58.353" errors="0" timestamp="27 Jul 2022 08:46:10 GMT">
  <testcase classname="script.ValidLogin" name="testValidLogin" time="5.842"/>
  <testcase classname="script.InvalidLogin" name="testInvalidLogin" time="2.07"/>
  <testcase classname="generic.BaseTest" name="@BeforeSuite createReport" time="0.0">
    <ignored/>
  </testcase> <!-- @BeforeSuite createReport -->
  <testcase classname="generic.BaseTest" name="@AfterSuite publishReport" time="0.0">
    <ignored/>
  </testcase> <!-- @AfterSuite publishReport -->
</testsuite> <!-- QA -->
