<?xml version="1.0" encoding="UTF-8"?>
<!-- Generated by org.testng.reporters.JUnitXMLReporter -->
<testsuite ignored="2" hostname="hp" failures="0" tests="2" name="QA" time="27.55" errors="0" timestamp="31 Jul 2022 14:40:44 GMT">
  <testcase classname="script.ValidLogin" name="testValidLogin" time="4.885"/>
  <testcase classname="script.InvalidLogin" name="testInvalidLogin" time="1.507"/>
  <testcase classname="generic.BaseTest" name="@BeforeSuite createReport" time="0.0">
    <ignored/>
  </testcase> <!-- @BeforeSuite createReport -->
  <testcase classname="generic.BaseTest" name="@AfterSuite publishReport" time="0.0">
    <ignored/>
  </testcase> <!-- @AfterSuite publishReport -->
</testsuite> <!-- QA -->
